<?xml version="1.0" encoding="UTF-8"?>
<testsuite xmlns:xsi="http://www.w3.org/2001/XMLSchema-instance" xsi:noNamespaceSchemaLocation="https://maven.apache.org/surefire/maven-surefire-plugin/xsd/surefire-test-report-3.0.xsd" version="3.0" name="com.rsl.orderservice.InventoryServiceTest" time="0.012" tests="3" errors="0" skipped="0" failures="0">
  <properties>
[...]
</properties>
  <testcase name="reserveWithinStockSucceeds" classname="com.rsl.orderservice.InventoryServiceTest" time="0.002">
    <system-err><![CDATA[Sep 24, 2026 4:44:31 PM com.rsl.orderservice.service.InventoryService reserve
INFO: Reserved 3 of MUG-010 (was 5, now 2)
]]></system-err>
  </testcase>
  <testcase name="reserveMoreThanStockFails" classname="com.rsl.orderservice.InventoryServiceTest" time="0.006">
    <system-err><![CDATA[Sep 24, 2026 4:44:31 PM com.rsl.orderservice.service.InventoryService reserve
WARNING: Refused to reserve 5 of MUG-010 (only 3 in stock)
]]></system-err>
  </testcase>
  <testcase name="stockNeverGoesNegative" classname="com.rsl.orderservice.InventoryServiceTest" time="0.003">
    <system-err><![CDATA[Sep 24, 2026 4:44:31 PM com.rsl.orderservice.service.InventoryService reserve
WARNING: Refused to reserve 5 of MUG-010 (only 3 in stock)
]]></system-err>
  </testcase>
</testsuite>