<?xml version="1.0" encoding="UTF-8"?>
<testsuite xmlns:xsi="http://www.w3.org/2001/XMLSchema-instance" xsi:noNamespaceSchemaLocation="https://maven.apache.org/surefire/maven-surefire-plugin/xsd/surefire-test-report-3.0.xsd" version="3.0" name="com.rsl.orderservice.OrderServiceTest" time="0.128" tests="3" errors="0" skipped="0" failures="0">
  <properties>
[...]
</properties>
  <testcase name="cancellingAMissingOrderReportsFailure" classname="com.rsl.orderservice.OrderServiceTest" time="0.074">
    <system-err><![CDATA[Sep 24, 2026 4:44:31 PM com.rsl.orderservice.service.OrderService cancelOrder
WARNING: Cannot cancel unknown order ORD-DOES-NOT-EXIST
]]></system-err>
  </testcase>
  <testcase name="placeOrderConfirmsAndPricesTheOrder" classname="com.rsl.orderservice.OrderServiceTest" time="0.026">
    <system-err><![CDATA[Sep 24, 2026 4:44:31 PM com.rsl.orderservice.service.OrderService placeOrder
INFO: Placing order ORD-1 for Bob
Sep 24, 2026 4:44:31 PM com.rsl.orderservice.service.InventoryService reserve
INFO: Reserved 2 of BOOK-001 (was 10, now 8)
Sep 24, 2026 4:44:31 PM com.rsl.orderservice.service.OrderService placeOrder
INFO: Confirmed Order{ORD-1, Bob, CONFIRMED, subtotal=6400c, discount=0c, total=6400c}
]]></system-err>
  </testcase>
  <testcase name="cancellingAnExistingOrderSucceeds" classname="com.rsl.orderservice.OrderServiceTest" time="0.003">
    <system-err><![CDATA[Sep 24, 2026 4:44:31 PM com.rsl.orderservice.service.OrderService placeOrder
INFO: Placing order ORD-1 for Bob
Sep 24, 2026 4:44:31 PM com.rsl.orderservice.service.InventoryService reserve
INFO: Reserved 1 of BOOK-001 (was 10, now 9)
Sep 24, 2026 4:44:31 PM com.rsl.orderservice.service.OrderService placeOrder
INFO: Confirmed Order{ORD-1, Bob, CONFIRMED, subtotal=3200c, discount=0c, total=3200c}
Sep 24, 2026 4:44:31 PM com.rsl.orderservice.service.OrderService cancelOrder
INFO: Cancelled order ORD-1
]]></system-err>
  </testcase>
</testsuite>